<?xml version="1.0" encoding="UTF-8"?>
<!-- Generated by org.testng.reporters.JUnitReportReporter -->
<testsuite hostname="NOI-PG02ZDTF" failures="0" tests="1" name="SeleniumPackage1.Seleniumproject1.ProductSorting" time="6.248" errors="0" timestamp="2024-10-03T23:40:29 IST" skipped="0">
  <testcase classname="SeleniumPackage1.Seleniumproject1.ProductSorting" name="sortProd" time="6.248"/>
  <system-out>
    <![CDATA[TestCase is passed]]>
  </system-out>
</testsuite> <!-- SeleniumPackage1.Seleniumproject1.ProductSorting -->
