<?xml version="1.0" encoding="UTF-8"?>
<!-- Generated by org.testng.reporters.JUnitReportReporter -->
<testsuite hostname="NOI-PG02ZDTF" failures="0" tests="1" name="SeleniumPackage1.Seleniumproject1.AddToCart" time="13.384" errors="0" timestamp="2024-10-03T17:44:18 IST" skipped="0">
  <testcase classname="SeleniumPackage1.Seleniumproject1.AddToCart" name="addItems" time="13.384"/>
  <system-out>
    <![CDATA[TestCase is passed]]>
  </system-out>
</testsuite> <!-- SeleniumPackage1.Seleniumproject1.AddToCart -->
