<?xml version="1.0" encoding="UTF-8"?>
<!-- Generated by org.testng.reporters.JUnitReportReporter -->
<testsuite hostname="NOI-PG02ZDTF" failures="0" tests="2" name="SeleniumPackage1.Seleniumproject1.SearchWithFilters" time="54.110" errors="0" timestamp="2024-10-03T13:05:20 IST" skipped="1">
  <testcase classname="SeleniumPackage1.Seleniumproject1.SearchWithFilters" name="searchFilters" time="23.298">
    <system-out>
      <![CDATA[TestCase is passed]]>
    </system-out>
  </testcase> <!-- searchFilters -->
  <testcase classname="SeleniumPackage1.Seleniumproject1.SearchWithFilters" name="searchFilters" time="30.812">
    <skipped/>
  </testcase> <!-- searchFilters -->
  <system-out>
    <![CDATA[TestCase is passed
TestCase is passed
TestCase is passed
TestCase is passed
TestCase is passed
TestCase is passed]]>
  </system-out>
</testsuite> <!-- SeleniumPackage1.Seleniumproject1.SearchWithFilters -->
