<?xml version="1.0" encoding="UTF-8"?>
<!-- Generated by org.testng.reporters.JUnitReportReporter -->
<testsuite hostname="NOI-PG02ZDTF" failures="0" tests="3" name="SeleniumPackage1.Seleniumproject1.SearchWithFilters" time="36.036" errors="0" timestamp="2024-10-03T11:14:53 IST" skipped="2">
  <testcase classname="SeleniumPackage1.Seleniumproject1.SearchWithFilters" name="searchFilters" time="9.037">
    <system-out>
      <![CDATA[TestCase is passed]]>
    </system-out>
  </testcase> <!-- searchFilters -->
  <testcase classname="SeleniumPackage1.Seleniumproject1.SearchWithFilters" name="searchFilters" time="20.464">
    <skipped/>
  </testcase> <!-- searchFilters -->
  <testcase classname="SeleniumPackage1.Seleniumproject1.SearchWithFilters" name="searchFilters" time="6.535">
    <skipped/>
  </testcase> <!-- searchFilters -->
  <system-out>
    <![CDATA[TestCase is passed
TestCase is passed
TestCase is passed
TestCase is passed
TestCase is passed
TestCase is passed]]>
  </system-out>
</testsuite> <!-- SeleniumPackage1.Seleniumproject1.SearchWithFilters -->
