<?xml version="1.0" encoding="UTF-8"?>
<!-- Generated by org.testng.reporters.JUnitReportReporter -->
<testsuite hostname="NOI-PG02ZDTF" failures="0" tests="2" name="SeleniumPackage1.Seleniumproject1.Resgistartion_to_Amazon" time="33.956" errors="0" timestamp="2024-10-03T13:05:20 IST" skipped="1">
  <testcase classname="SeleniumPackage1.Seleniumproject1.Resgistartion_to_Amazon" name="creating_new_account" time="20.211">
    <skipped/>
  </testcase> <!-- creating_new_account -->
  <testcase classname="SeleniumPackage1.Seleniumproject1.Resgistartion_to_Amazon" name="creating_new_account" time="13.745">
    <system-out>
      <![CDATA[TestCase is passed]]>
    </system-out>
  </testcase> <!-- creating_new_account -->
  <system-out>
    <![CDATA[TestCase is passed
TestCase is passed
TestCase is passed
TestCase is passed
TestCase is passed
TestCase is passed]]>
  </system-out>
</testsuite> <!-- SeleniumPackage1.Seleniumproject1.Resgistartion_to_Amazon -->
