<?xml version="1.0" encoding="UTF-8"?>
<!-- Generated by org.testng.reporters.JUnitReportReporter -->
<testsuite hostname="NOI-PG02ZDTF" failures="0" tests="1" name="SeleniumPackage1.Seleniumproject1.ProductDetails" time="13.630" errors="0" timestamp="2024-10-03T13:05:20 IST" skipped="0">
  <testcase classname="SeleniumPackage1.Seleniumproject1.ProductDetails" name="verifyProdDetails" time="13.630">
    <system-out>
      <![CDATA[TestCase is passed]]>
    </system-out>
  </testcase> <!-- verifyProdDetails -->
  <system-out>
    <![CDATA[TestCase is passed
TestCase is passed
TestCase is passed
TestCase is passed
TestCase is passed
TestCase is passed]]>
  </system-out>
</testsuite> <!-- SeleniumPackage1.Seleniumproject1.ProductDetails -->
